<?xml version="1.0" encoding="UTF-8"?>
<!-- Generated by org.testng.reporters.JUnitReportReporter -->
<testsuite hostname="IN1-1024812LT" name="jiraAPI.CreateIssueInJira" tests="1" failures="0" timestamp="20 Feb 2019 15:08:07 GMT" time="1.779" errors="0">
  <testcase name="createIssue" time="1.779" classname="jiraAPI.CreateIssueInJira"/>
</testsuite>
