<?xml version="1.0" encoding="UTF-8"?>
<!-- Generated by org.testng.reporters.JUnitReportReporter -->
<testsuite hostname="IN1-1024812LT" name="basicsOfRestAPI.GetMessage" tests="1" failures="0" timestamp="18 Feb 2019 04:11:23 GMT" time="3.125" errors="0">
  <testcase name="getPlaceAPI" time="3.125" classname="basicsOfRestAPI.GetMessage"/>
</testsuite>
